<?xml version="1.0" encoding="UTF-8"?>
<testsuite xmlns:xsi="http://www.w3.org/2001/XMLSchema-instance" xsi:noNamespaceSchemaLocation="https://maven.apache.org/surefire/maven-surefire-plugin/xsd/surefire-test-report.xsd" name="com.redhat.training.jb421.TransformRouteTest" time="121.514" tests="2" errors="2" skipped="0" failures="0">
  <properties>
[...]
</properties>
  <testcase name="testDroppingAdminOrder" classname="com.redhat.training.jb421.TransformRouteTest" time="60.591">
    <error message="Gave up waiting for service (objectClass=org.apache.camel.CamelContext)" type="java.lang.RuntimeException">java.lang.RuntimeException: Gave up waiting for service (objectClass=org.apache.camel.CamelContext)
</error>
    <system-out><![CDATA[[                          main] CamelBlueprintHelper           INFO  Using Blueprint XML file: /home/ihsan/Documents/jboss/jaxb-transform/target/classes/OSGI-INF/blueprint/blueprint.xml
[                      Thread-0] RawBuilder                     INFO  Copy thread finished.
[                          main] Activator                      INFO  Camel activator starting
[                          main] Activator                      INFO  Camel activator started
[                          main] TransformRouteTest             INFO  ********************************************************************************
[                          main] TransformRouteTest             INFO  Testing: testDroppingAdminOrder(com.redhat.training.jb421.TransformRouteTest)
[                          main] TransformRouteTest             INFO  ********************************************************************************
[                          main] CamelBlueprintHelper           WARN  Test bundle headers: Bundle-ManifestVersion=2, Bundle-Name=System Bundle, Bundle-SymbolicName=org.apache.felix.connect, Bundle-Vendor=Apache Software Foundation, Bundle-Version=0.0.0
[                          main] CamelBlueprintHelper           WARN  ServiceReference: [org.apache.camel.spi.DataFormatResolver], bundle: org.apache.camel.camel-jaxb [33], symbolicName: org.apache.camel.camel-jaxb
[                          main] CamelBlueprintHelper           WARN  ServiceReference: [org.apache.camel.spi.ComponentResolver], bundle: org.apache.camel.camel-core [2], symbolicName: org.apache.camel.camel-core
[                          main] CamelBlueprintHelper           WARN  ServiceReference: [org.apache.camel.spi.TypeConverterLoader], bundle: org.apache.camel.camel-core [2], symbolicName: org.apache.camel.camel-core
[                          main] CamelBlueprintHelper           WARN  ServiceReference: [org.apache.aries.proxy.ProxyManager], bundle: org.apache.aries.proxy.impl [13], symbolicName: org.apache.aries.proxy.impl
[                          main] CamelBlueprintHelper           WARN  ServiceReference: [org.osgi.service.packageadmin.PackageAdmin], bundle: org.apache.felix.connect [0], symbolicName: org.apache.felix.connect
[                          main] CamelBlueprintHelper           WARN  ServiceReference: [org.apache.camel.spi.LanguageResolver], bundle: org.apache.camel.camel-core [2], symbolicName: org.apache.camel.camel-core
[                          main] CamelBlueprintHelper           WARN  ServiceReference: [org.osgi.service.startlevel.StartLevel], bundle: org.apache.felix.connect [0], symbolicName: org.apache.felix.connect
[                          main] CamelBlueprintHelper           WARN  ServiceReference: [org.apache.camel.spi.TypeConverterLoader], bundle: org.apache.camel.camel-jackson [28], symbolicName: org.apache.camel.camel-jackson
[                          main] CamelBlueprintHelper           WARN  ServiceReference: [org.apache.camel.spi.DataFormatResolver], bundle: org.apache.camel.camel-core [2], symbolicName: org.apache.camel.camel-core
[                          main] CamelBlueprintHelper           WARN  ServiceReference: [org.apache.camel.spi.DataFormatResolver], bundle: org.apache.camel.camel-jackson [28], symbolicName: org.apache.camel.camel-jackson
[                          main] CamelBlueprintHelper           WARN  ServiceReference: [org.apache.camel.spi.TypeConverterLoader], bundle: org.apache.camel.camel-jaxb [33], symbolicName: org.apache.camel.camel-jaxb
[                          main] TransformRouteTest             INFO  ********************************************************************************
[                          main] TransformRouteTest             INFO  Testing done: testDroppingAdminOrder(com.redhat.training.jb421.TransformRouteTest)
[                          main] TransformRouteTest             INFO  Took: 1 minute (60545 millis)
[                          main] TransformRouteTest             INFO  ********************************************************************************
[                          main] Activator                      INFO  Camel activator stopping
[                          main] Activator                      INFO  Camel activator stopped
[                          main] CamelBlueprintHelper           INFO  Deleting work directory target/bundles/1519712176128
]]></system-out>
  </testcase>
  <testcase name="testDroppingOrder" classname="com.redhat.training.jb421.TransformRouteTest" time="60.066">
    <error message="Gave up waiting for service (objectClass=org.apache.camel.CamelContext)" type="java.lang.RuntimeException">java.lang.RuntimeException: Gave up waiting for service (objectClass=org.apache.camel.CamelContext)
</error>
    <system-out><![CDATA[[                          main] CamelBlueprintHelper           INFO  Using Blueprint XML file: /home/ihsan/Documents/jboss/jaxb-transform/target/classes/OSGI-INF/blueprint/blueprint.xml
[                      Thread-2] RawBuilder                     INFO  Copy thread finished.
[                          main] Activator                      INFO  Camel activator starting
[                          main] Activator                      INFO  Camel activator started
[                          main] TransformRouteTest             INFO  ********************************************************************************
[                          main] TransformRouteTest             INFO  Testing: testDroppingOrder(com.redhat.training.jb421.TransformRouteTest)
[                          main] TransformRouteTest             INFO  ********************************************************************************
[                          main] CamelBlueprintHelper           WARN  Test bundle headers: Bundle-ManifestVersion=2, Bundle-Name=System Bundle, Bundle-SymbolicName=org.apache.felix.connect, Bundle-Vendor=Apache Software Foundation, Bundle-Version=0.0.0
[                          main] CamelBlueprintHelper           WARN  ServiceReference: [org.apache.camel.spi.TypeConverterLoader], bundle: org.apache.camel.camel-jaxb [33], symbolicName: org.apache.camel.camel-jaxb
[                          main] CamelBlueprintHelper           WARN  ServiceReference: [org.apache.camel.spi.DataFormatResolver], bundle: org.apache.camel.camel-jaxb [33], symbolicName: org.apache.camel.camel-jaxb
[                          main] CamelBlueprintHelper           WARN  ServiceReference: [org.apache.camel.spi.ComponentResolver], bundle: org.apache.camel.camel-core [2], symbolicName: org.apache.camel.camel-core
[                          main] CamelBlueprintHelper           WARN  ServiceReference: [org.apache.camel.spi.LanguageResolver], bundle: org.apache.camel.camel-core [2], symbolicName: org.apache.camel.camel-core
[                          main] CamelBlueprintHelper           WARN  ServiceReference: [org.apache.camel.spi.DataFormatResolver], bundle: org.apache.camel.camel-jackson [28], symbolicName: org.apache.camel.camel-jackson
[                          main] CamelBlueprintHelper           WARN  ServiceReference: [org.osgi.service.packageadmin.PackageAdmin], bundle: org.apache.felix.connect [0], symbolicName: org.apache.felix.connect
[                          main] CamelBlueprintHelper           WARN  ServiceReference: [org.apache.aries.proxy.ProxyManager], bundle: org.apache.aries.proxy.impl [13], symbolicName: org.apache.aries.proxy.impl
[                          main] CamelBlueprintHelper           WARN  ServiceReference: [org.apache.camel.spi.TypeConverterLoader], bundle: org.apache.camel.camel-jackson [28], symbolicName: org.apache.camel.camel-jackson
[                          main] CamelBlueprintHelper           WARN  ServiceReference: [org.osgi.service.startlevel.StartLevel], bundle: org.apache.felix.connect [0], symbolicName: org.apache.felix.connect
[                          main] CamelBlueprintHelper           WARN  ServiceReference: [org.apache.camel.spi.DataFormatResolver], bundle: org.apache.camel.camel-core [2], symbolicName: org.apache.camel.camel-core
[                          main] CamelBlueprintHelper           WARN  ServiceReference: [org.apache.camel.spi.TypeConverterLoader], bundle: org.apache.camel.camel-core [2], symbolicName: org.apache.camel.camel-core
[                          main] TransformRouteTest             INFO  ********************************************************************************
[                          main] TransformRouteTest             INFO  Testing done: testDroppingOrder(com.redhat.training.jb421.TransformRouteTest)
[                          main] TransformRouteTest             INFO  Took: 1 minute (60099 millis)
[                          main] TransformRouteTest             INFO  ********************************************************************************
[                          main] Activator                      INFO  Camel activator stopping
[                          main] Activator                      INFO  Camel activator stopped
[                          main] CamelBlueprintHelper           INFO  Deleting work directory target/bundles/1519712236551
]]></system-out>
  </testcase>
</testsuite>