# JRE version: Java(TM) SE Runtime Environment (8.0_144-b01) (build 1.8.0_144-b01)
# Java VM: Java HotSpot(TM) 64-Bit Server VM (25.144-b01 mixed mode linux-amd64 compressed oops)
Heap:
 PSYoungGen      total 137216K, used 12773K [0x00000000ebd80000, 0x00000000fa200000, 0x0000000100000000)
  eden space 124416K, 0% used [0x00000000ebd80000,0x00000000ebd80000,0x00000000f3700000)
  from space 12800K, 99% used [0x00000000f3700000,0x00000000f43797e0,0x00000000f4380000)
  to   space 17408K, 0% used [0x00000000f9100000,0x00000000f9100000,0x00000000fa200000)
 ParOldGen       total 42496K, used 20991K [0x00000000c3800000, 0x00000000c6180000, 0x00000000ebd80000)
  object space 42496K, 49% used [0x00000000c3800000,0x00000000c4c7ff98,0x00000000c6180000)
 Metaspace       used 20636K, capacity 21068K, committed 21296K, reserved 1069056K
  class space    used 2372K, capacity 2561K, committed 2688K, reserved 1048576K
GC Heap History (10 events):
Event: 1,493 GC heap after
Heap after GC invocations=5 (full 0):
 PSYoungGen      total 34304K, used 2528K [0x00000000ebd80000, 0x00000000f0980000, 0x0000000100000000)
  eden space 31744K, 0% used [0x00000000ebd80000,0x00000000ebd80000,0x00000000edc80000)
  from space 2560K, 98% used [0x00000000edc80000,0x00000000edef8020,0x00000000edf00000)
  to   space 7168K, 0% used [0x00000000f0280000,0x00000000f0280000,0x00000000f0980000)
 ParOldGen       total 42496K, used 8294K [0x00000000c3800000, 0x00000000c6180000, 0x00000000ebd80000)
  object space 42496K, 19% used [0x00000000c3800000,0x00000000c4019950,0x00000000c6180000)
 Metaspace       used 14346K, capacity 14562K, committed 14720K, reserved 1062912K
  class space    used 1767K, capacity 1875K, committed 1920K, reserved 1048576K
}
Event: 1,752 GC heap before
{Heap before GC invocations=6 (full 0):
 PSYoungGen      total 34304K, used 34272K [0x00000000ebd80000, 0x00000000f0980000, 0x0000000100000000)
  eden space 31744K, 100% used [0x00000000ebd80000,0x00000000edc80000,0x00000000edc80000)
  from space 2560K, 98% used [0x00000000edc80000,0x00000000edef8020,0x00000000edf00000)
  to   space 7168K, 0% used [0x00000000f0280000,0x00000000f0280000,0x00000000f0980000)
 ParOldGen       total 42496K, used 8294K [0x00000000c3800000, 0x00000000c6180000, 0x00000000ebd80000)
  object space 42496K, 19% used [0x00000000c3800000,0x00000000c4019950,0x00000000c6180000)
 Metaspace       used 15213K, capacity 15538K, committed 15872K, reserved 1062912K
  class space    used 1818K, capacity 1947K, committed 2048K, reserved 1048576K
Event: 1,759 GC heap after
Heap after GC invocations=6 (full 0):
 PSYoungGen      total 70656K, used 5275K [0x00000000ebd80000, 0x00000000f0980000, 0x0000000100000000)
  eden space 63488K, 0% used [0x00000000ebd80000,0x00000000ebd80000,0x00000000efb80000)
  from space 7168K, 73% used [0x00000000f0280000,0x00000000f07a6d30,0x00000000f0980000)
  to   space 7168K, 0% used [0x00000000efb80000,0x00000000efb80000,0x00000000f0280000)
 ParOldGen       total 42496K, used 8302K [0x00000000c3800000, 0x00000000c6180000, 0x00000000ebd80000)
  object space 42496K, 19% used [0x00000000c3800000,0x00000000c401b950,0x00000000c6180000)
 Metaspace       used 15213K, capacity 15538K, committed 15872K, reserved 1062912K
  class space    used 1818K, capacity 1947K, committed 2048K, reserved 1048576K
}
Event: 2,339 GC heap before
{Heap before GC invocations=7 (full 0):
 PSYoungGen      total 70656K, used 68763K [0x00000000ebd80000, 0x00000000f0980000, 0x0000000100000000)
  eden space 63488K, 100% used [0x00000000ebd80000,0x00000000efb80000,0x00000000efb80000)
  from space 7168K, 73% used [0x00000000f0280000,0x00000000f07a6d30,0x00000000f0980000)
  to   space 7168K, 0% used [0x00000000efb80000,0x00000000efb80000,0x00000000f0280000)
 ParOldGen       total 42496K, used 8302K [0x00000000c3800000, 0x00000000c6180000, 0x00000000ebd80000)
  object space 42496K, 19% used [0x00000000c3800000,0x00000000c401b950,0x00000000c6180000)
 Metaspace       used 17212K, capacity 17480K, committed 17920K, reserved 1064960K
  class space    used 2078K, capacity 2184K, committed 2304K, reserved 1048576K
Event: 2,370 GC heap after
Heap after GC invocations=7 (full 0):
 PSYoungGen      total 70656K, used 7152K [0x00000000ebd80000, 0x00000000f4d80000, 0x0000000100000000)
  eden space 63488K, 0% used [0x00000000ebd80000,0x00000000ebd80000,0x00000000efb80000)
  from space 7168K, 99% used [0x00000000efb80000,0x00000000f027c010,0x00000000f0280000)
  to   space 10240K, 0% used [0x00000000f4380000,0x00000000f4380000,0x00000000f4d80000)
 ParOldGen       total 42496K, used 12542K [0x00000000c3800000, 0x00000000c6180000, 0x00000000ebd80000)
  object space 42496K, 29% used [0x00000000c3800000,0x00000000c443fb30,0x00000000c6180000)
 Metaspace       used 17212K, capacity 17480K, committed 17920K, reserved 1064960K
  class space    used 2078K, capacity 2184K, committed 2304K, reserved 1048576K
}
Event: 2,751 GC heap before
{Heap before GC invocations=8 (full 0):
 PSYoungGen      total 70656K, used 70640K [0x00000000ebd80000, 0x00000000f4d80000, 0x0000000100000000)
  eden space 63488K, 100% used [0x00000000ebd80000,0x00000000efb80000,0x00000000efb80000)
  from space 7168K, 99% used [0x00000000efb80000,0x00000000f027c010,0x00000000f0280000)
  to   space 10240K, 0% used [0x00000000f4380000,0x00000000f4380000,0x00000000f4d80000)
 ParOldGen       total 42496K, used 12542K [0x00000000c3800000, 0x00000000c6180000, 0x00000000ebd80000)
  object space 42496K, 29% used [0x00000000c3800000,0x00000000c443fb30,0x00000000c6180000)
 Metaspace       used 17463K, capacity 17760K, committed 18176K, reserved 1064960K
  class space    used 2081K, capacity 2188K, committed 2304K, reserved 1048576K
Event: 2,772 GC heap after
Heap after GC invocations=8 (full 0):
 PSYoungGen      total 134656K, used 10240K [0x00000000ebd80000, 0x00000000f5280000, 0x0000000100000000)
  eden space 124416K, 0% used [0x00000000ebd80000,0x00000000ebd80000,0x00000000f3700000)
  from space 10240K, 100% used [0x00000000f4380000,0x00000000f4d80000,0x00000000f4d80000)
  to   space 12800K, 0% used [0x00000000f3700000,0x00000000f3700000,0x00000000f4380000)
 ParOldGen       total 42496K, used 13950K [0x00000000c3800000, 0x00000000c6180000, 0x00000000ebd80000)
  object space 42496K, 32% used [0x00000000c3800000,0x00000000c459fb40,0x00000000c6180000)
 Metaspace       used 17463K, capacity 17760K, committed 18176K, reserved 1064960K
  class space    used 2081K, capacity 2188K, committed 2304K, reserved 1048576K
}
Event: 3,859 GC heap before
{Heap before GC invocations=9 (full 0):
 PSYoungGen      total 134656K, used 86087K [0x00000000ebd80000, 0x00000000f5280000, 0x0000000100000000)
  eden space 124416K, 60% used [0x00000000ebd80000,0x00000000f0791c98,0x00000000f3700000)
  from space 10240K, 100% used [0x00000000f4380000,0x00000000f4d80000,0x00000000f4d80000)
  to   space 12800K, 0% used [0x00000000f3700000,0x00000000f3700000,0x00000000f4380000)
 ParOldGen       total 42496K, used 13950K [0x00000000c3800000, 0x00000000c6180000, 0x00000000ebd80000)
  object space 42496K, 32% used [0x00000000c3800000,0x00000000c459fb40,0x00000000c6180000)
 Metaspace       used 20636K, capacity 21068K, committed 21296K, reserved 1069056K
  class space    used 2372K, capacity 2561K, committed 2688K, reserved 1048576K
Event: 3,883 GC heap after
Heap after GC invocations=9 (full 0):
 PSYoungGen      total 137216K, used 12773K [0x00000000ebd80000, 0x00000000fa200000, 0x0000000100000000)
  eden space 124416K, 0% used [0x00000000ebd80000,0x00000000ebd80000,0x00000000f3700000)
  from space 12800K, 99% used [0x00000000f3700000,0x00000000f43797e0,0x00000000f4380000)
  to   space 17408K, 0% used [0x00000000f9100000,0x00000000f9100000,0x00000000fa200000)
 ParOldGen       total 42496K, used 20991K [0x00000000c3800000, 0x00000000c6180000, 0x00000000ebd80000)
  object space 42496K, 49% used [0x00000000c3800000,0x00000000c4c7ff98,0x00000000c6180000)
 Metaspace       used 20636K, capacity 21068K, committed 21296K, reserved 1069056K
  class space    used 2372K, capacity 2561K, committed 2688K, reserved 1048576K
}
Event: 3,883 GC heap before
{Heap before GC invocations=10 (full 1):
 PSYoungGen      total 137216K, used 12773K [0x00000000ebd80000, 0x00000000fa200000, 0x0000000100000000)
  eden space 124416K, 0% used [0x00000000ebd80000,0x00000000ebd80000,0x00000000f3700000)
  from space 12800K, 99% used [0x00000000f3700000,0x00000000f43797e0,0x00000000f4380000)
  to   space 17408K, 0% used [0x00000000f9100000,0x00000000f9100000,0x00000000fa200000)
 ParOldGen       total 42496K, used 20991K [0x00000000c3800000, 0x00000000c6180000, 0x00000000ebd80000)
  object space 42496K, 49% used [0x00000000c3800000,0x00000000c4c7ff98,0x00000000c6180000)
 Metaspace       used 20636K, capacity 21068K, committed 21296K, reserved 1069056K
  class space    used 2372K, capacity 2561K, committed 2688K, reserved 1048576K

