<?xml version="1.0" encoding="UTF-8"?>
<testsuite xmlns:xsi="http://www.w3.org/2001/XMLSchema-instance" xsi:noNamespaceSchemaLocation="https://maven.apache.org/surefire/maven-surefire-plugin/xsd/surefire-test-report.xsd" name="com.redhat.training.jb421.RouteTransformTest" time="15.122" tests="3" errors="0" skipped="0" failures="1">
  <properties>
[...]
</properties>
  <testcase name="testRouteWithComma" classname="com.redhat.training.jb421.RouteTransformTest" time="7.728"/>
  <testcase name="testRouteFileChars" classname="com.redhat.training.jb421.RouteTransformTest" time="3.796"/>
  <testcase name="testRouteRecipientList" classname="com.redhat.training.jb421.RouteTransformTest" time="3.347">
    <failure message="mock://ftp:infrastructure Body of message: 0. Expected: &lt;John Doe`11/10/16`123 Easy St`Anytown`AS`?at?her in the Rye`1`14.00&gt; but was: &lt;John Doe`11/10/16`123 Easy St`Anytown`AS`Çatßher in the Rye`1`14.00&gt;" type="java.lang.AssertionError"><![CDATA[java.lang.AssertionError: mock://ftp:infrastructure Body of message: 0. Expected: <John Doe`11/10/16`123 Easy St`Anytown`AS`?at?her in the Rye`1`14.00> but was: <John Doe`11/10/16`123 Easy St`Anytown`AS`Çatßher in the Rye`1`14.00>
	at com.redhat.training.jb421.RouteTransformTest.testRouteRecipientList(RouteTransformTest.java:119)
]]></failure>
    <system-out><![CDATA[[                          main] CamelBlueprintHelper           INFO  Using Blueprint XML file: /home/ihsan/Documents/jboss-fuse/invoke-beans/target/classes/OSGI-INF/blueprint/blueprint.xml
[                      Thread-5] RawBuilder                     INFO  Copy thread finished.
[                          main] Activator                      INFO  Camel activator starting
[                          main] Activator                      INFO  Camel activator started
[         Blueprint Extender: 1] BlueprintContainerImpl         INFO  Bundle RouteTransformTest/1.0.0 is waiting for namespace handlers [http://camel.apache.org/schema/blueprint]
[                          main] RouteTransformTest             INFO  ********************************************************************************
[                          main] RouteTransformTest             INFO  Testing: testRouteRecipientList(com.redhat.training.jb421.RouteTransformTest)
[                          main] RouteTransformTest             INFO  ********************************************************************************
[                          main] RouteTransformTest             INFO  Skipping starting CamelContext as system property skipStartingCamelContext is set to be true.
[                          main] BlueprintCamelContext          INFO  Apache Camel 2.17.0.redhat-630254 (CamelContext: jb421Context) is starting
[                          main] DefaultManagementStrategy      INFO  JMX is disabled
[                          main] BlueprintCamelContext          INFO  AllowUseOriginalMessage is enabled. If access to the original message is not needed, then its recommended to turn this option off as it may improve performance.
[                          main] BlueprintCamelContext          INFO  StreamCaching is not in use. If using streams then its recommended to enable stream caching. See more details at http://camel.apache.org/stream-caching.html
[                          main] BlueprintCamelContext          INFO  Route: transformComma started and consuming from: Endpoint[file://origin]
[                          main] BlueprintCamelContext          INFO  Route: transformChars started and consuming from: Endpoint[direct://transformChars]
[                          main] BlueprintCamelContext          INFO  Route: recipientList started and consuming from: Endpoint[direct://recipientList]
[                          main] BlueprintCamelContext          INFO  Total 3 routes, of which 3 are started.
[                          main] BlueprintCamelContext          INFO  Apache Camel 2.17.0.redhat-630254 (CamelContext: jb421Context) started in 0.171 seconds
[                          main] DefaultShutdownStrategy        INFO  Starting to graceful shutdown 1 routes (timeout 10 seconds)
[text) thread #5 - ShutdownTask] DefaultShutdownStrategy        INFO  Route: recipientList shutdown complete, was consuming from: Endpoint[direct://recipientList]
[                          main] DefaultShutdownStrategy        INFO  Graceful shutdown of 1 routes completed in 0 seconds
[                          main] BlueprintCamelContext          INFO  Route: recipientList is stopped, was consuming from: Endpoint[direct://recipientList]
[                          main] BlueprintCamelContext          INFO  Route: recipientList is shutdown and removed, was consuming from: Endpoint[direct://recipientList]
[                          main] RouteDefinition                INFO  AdviceWith route after: Route(recipientList)[[From[direct:recipientList]] -> [InterceptSendToEndpoint[file:test -> [To[mock:file:test]]], InterceptSendToEndpoint[activemq:comics -> [To[mock:activemq:comics]]], InterceptSendToEndpoint[ftp:infrastructure -> [To[mock:ftp:infrastructure]]], Split[{tokenize(simple{${body}}, 
)} -> [SetHeader[destination, bean[com.redhat.training.jb421.beans.DestinationBean method:calculateDestination]], RecipientList[header{header(destination)}]]]]]
[                          main] BlueprintCamelContext          INFO  Route: recipientList started and consuming from: Endpoint[direct://recipientList]
[                          main] BlueprintCamelContext          INFO  Apache Camel 2.17.0.redhat-630254 (CamelContext: jb421Context) is starting
[                          main] BlueprintCamelContext          INFO  Total 3 routes, of which 3 are started.
[                          main] BlueprintCamelContext          INFO  Apache Camel 2.17.0.redhat-630254 (CamelContext: jb421Context) started in 0.000 seconds
[                          main] MockEndpoint                   INFO  Asserting: Endpoint[mock://ftp:infrastructure] is satisfied
[                          main] RouteTransformTest             INFO  ********************************************************************************
[                          main] RouteTransformTest             INFO  Testing done: testRouteRecipientList(com.redhat.training.jb421.RouteTransformTest)
[                          main] RouteTransformTest             INFO  Took: 1.149 seconds (1149 millis)
[                          main] RouteTransformTest             INFO  ********************************************************************************
[                          main] BlueprintCamelContext          INFO  Apache Camel 2.17.0.redhat-630254 (CamelContext: jb421Context) is shutting down
[                          main] DefaultShutdownStrategy        INFO  Starting to graceful shutdown 3 routes (timeout 10 seconds)
[text) thread #5 - ShutdownTask] DefaultShutdownStrategy        INFO  Waiting as there are still 1 inflight and pending exchanges to complete, timeout in 10 seconds. Inflights per route: [transformComma = 1]
[text) thread #5 - ShutdownTask] DefaultShutdownStrategy        INFO  Route: recipientList shutdown complete, was consuming from: Endpoint[direct://recipientList]
[text) thread #5 - ShutdownTask] DefaultShutdownStrategy        INFO  Route: transformChars shutdown complete, was consuming from: Endpoint[direct://transformChars]
[text) thread #5 - ShutdownTask] DefaultShutdownStrategy        INFO  Route: transformComma shutdown complete, was consuming from: Endpoint[file://origin]
[                          main] DefaultShutdownStrategy        INFO  Graceful shutdown of 3 routes completed in 1 seconds
[                          main] BlueprintCamelContext          INFO  Apache Camel 2.17.0.redhat-630254 (CamelContext: jb421Context) uptime 1.853 seconds
[                          main] BlueprintCamelContext          INFO  Apache Camel 2.17.0.redhat-630254 (CamelContext: jb421Context) is shutdown in 1.006 seconds
[                          main] BlueprintExtender              INFO  Destroying BlueprintContainer for bundle org.apache.aries.blueprint.cm/1.0.6
[                          main] BlueprintExtender              INFO  Destroying BlueprintContainer for bundle RouteTransformTest/1.0.0
[                          main] BlueprintExtender              INFO  Destroying BlueprintContainer for bundle org.apache.aries.blueprint.core/1.7.1
[                          main] BlueprintExtender              INFO  Destroying BlueprintContainer for bundle org.apache.camel.camel-blueprint/2.17.0.redhat-630254
[                          main] Activator                      INFO  Camel activator stopping
[                          main] Activator                      INFO  Camel activator stopped
[                          main] CamelBlueprintHelper           INFO  Deleting work directory target/bundles/1520587165250
]]></system-out>
  </testcase>
</testsuite>